<?xml version="1.0" encoding="UTF-8"?>
<!-- Generated by org.testng.reporters.JUnitXMLReporter -->
<testsuite hostname="DESKTOP-PN8R175" failures="0" tests="3" name="Chrome Test" time="27.351" errors="0" timestamp="14 Oct 2023 12:24:31 GMT">
  <testcase classname="BaseLambda.ScenarioDemo" name="SimpleFormDemo" time="1.88"/>
  <testcase classname="BaseLambda.ScenarioDemo" name="DragDropSliders" time="1.492"/>
  <testcase classname="BaseLambda.ScenarioDemo" name="InputFormSubmit" time="5.358"/>
</testsuite> <!-- Chrome Test -->
