<?xml version="1.0" encoding="UTF-8"?>
<!-- Generated by org.testng.reporters.JUnitXMLReporter -->
<testsuite hostname="DESKTOP-PN8R175" failures="1" tests="1" name="Safari Test" time="23.534" errors="0" timestamp="15 Oct 2023 00:28:52 GMT">
  <testcase classname="BaseLambda.ScenarioDemo" name="InputFormSubmit" time="4.788">
    <failure type="java.lang.AssertionError" message="expected [Please fill out this field.] but found [Fill out this field]">
      <![CDATA[java.lang.AssertionError: expected [Please fill out this field.] but found [Fill out this field]
	at BaseLambda.ScenarioDemo.InputFormSubmit(ScenarioDemo.java:146)
	at java.base/java.util.concurrent.ThreadPoolExecutor.runWorker(ThreadPoolExecutor.java:1136)
	at java.base/java.util.concurrent.ThreadPoolExecutor$Worker.run(ThreadPoolExecutor.java:635)
	at java.base/java.lang.Thread.run(Thread.java:833)
... Removed 16 stack frames]]>
    </failure>
  </testcase> <!-- InputFormSubmit -->
</testsuite> <!-- Safari Test -->
