<?xml version="1.0" encoding="UTF-8"?>
<!-- Generated by org.testng.reporters.JUnitXMLReporter -->
<testsuite hostname="DESKTOP-PN8R175" failures="0" tests="3" name="Safari Test" time="39.908" errors="0" timestamp="14 Oct 2023 12:25:11 GMT">
  <testcase classname="BaseLambda.ScenarioDemo" name="SimpleFormDemo" time="2.18"/>
  <testcase classname="BaseLambda.ScenarioDemo" name="DragDropSliders" time="3.277"/>
  <testcase classname="BaseLambda.ScenarioDemo" name="InputFormSubmit" time="10.137"/>
</testsuite> <!-- Safari Test -->
